2017-11-05 08:57:23 INFO  StdSchedulerFactory:1208 - Using default implementation for ThreadExecutor
2017-11-05 08:57:23 INFO  SimpleThreadPool:268 - Job execution threads will use class loader of thread: main
2017-11-05 08:57:23 INFO  SchedulerSignalerImpl:61 - Initialized Scheduler Signaller of type: class org.quartz.core.SchedulerSignalerImpl
2017-11-05 08:57:23 INFO  QuartzScheduler:229 - Quartz Scheduler v.2.3.0 created.
2017-11-05 08:57:23 INFO  RAMJobStore:155 - RAMJobStore initialized.
2017-11-05 08:57:23 INFO  QuartzScheduler:294 - Scheduler meta-data: Quartz Scheduler (v2.3.0) 'DefaultQuartzScheduler' with instanceId 'NON_CLUSTERED'
  Scheduler class: 'org.quartz.core.QuartzScheduler' - running locally.
  NOT STARTED.
  Currently in standby mode.
  Number of jobs executed: 0
  Using thread pool 'org.quartz.simpl.SimpleThreadPool' - with 10 threads.
  Using job-store 'org.quartz.simpl.RAMJobStore' - which does not support persistence. and is not clustered.

2017-11-05 08:57:23 INFO  StdSchedulerFactory:1362 - Quartz scheduler 'DefaultQuartzScheduler' initialized from default resource file in Quartz package: 'quartz.properties'
2017-11-05 08:57:23 INFO  StdSchedulerFactory:1366 - Quartz scheduler version: 2.3.0
2017-11-05 08:57:23 INFO  QuartzScheduler:547 - Scheduler DefaultQuartzScheduler_$_NON_CLUSTERED started.
2017-11-05 08:57:23 DEBUG QuartzSchedulerThread:291 - batch acquisition of 0 triggers
2017-11-05 08:57:49 DEBUG QuartzSchedulerThread:291 - batch acquisition of 0 triggers
2017-11-05 08:58:12 DEBUG QuartzSchedulerThread:291 - batch acquisition of 0 triggers
2017-11-05 08:58:35 DEBUG QuartzSchedulerThread:291 - batch acquisition of 0 triggers
2017-11-05 08:59:02 DEBUG QuartzSchedulerThread:291 - batch acquisition of 0 triggers
2017-11-05 08:59:27 DEBUG QuartzSchedulerThread:291 - batch acquisition of 0 triggers
2017-11-05 08:59:56 DEBUG QuartzSchedulerThread:291 - batch acquisition of 1 triggers
2017-11-05 09:00:00 DEBUG PropertySettingJobFactory:51 - Producing instance of Job 'Lessons.p2', class=Job
2017-11-05 09:00:00 DEBUG QuartzSchedulerThread:291 - batch acquisition of 0 triggers
2017-11-05 09:00:00 DEBUG JobRunShell:201 - Calling execute on job Lessons.p2
2017-11-05 09:00:26 DEBUG QuartzSchedulerThread:291 - batch acquisition of 0 triggers
2017-11-05 09:00:51 DEBUG QuartzSchedulerThread:291 - batch acquisition of 0 triggers
2017-11-05 09:01:19 DEBUG QuartzSchedulerThread:291 - batch acquisition of 0 triggers
2017-11-05 21:43:55 INFO  StdSchedulerFactory:1208 - Using default implementation for ThreadExecutor
2017-11-05 21:43:55 INFO  SimpleThreadPool:268 - Job execution threads will use class loader of thread: main
2017-11-05 21:43:55 INFO  SchedulerSignalerImpl:61 - Initialized Scheduler Signaller of type: class org.quartz.core.SchedulerSignalerImpl
2017-11-05 21:43:55 INFO  QuartzScheduler:229 - Quartz Scheduler v.2.3.0 created.
2017-11-05 21:43:55 INFO  RAMJobStore:155 - RAMJobStore initialized.
2017-11-05 21:43:55 INFO  QuartzScheduler:294 - Scheduler meta-data: Quartz Scheduler (v2.3.0) 'DefaultQuartzScheduler' with instanceId 'NON_CLUSTERED'
  Scheduler class: 'org.quartz.core.QuartzScheduler' - running locally.
  NOT STARTED.
  Currently in standby mode.
  Number of jobs executed: 0
  Using thread pool 'org.quartz.simpl.SimpleThreadPool' - with 10 threads.
  Using job-store 'org.quartz.simpl.RAMJobStore' - which does not support persistence. and is not clustered.

2017-11-05 21:43:55 INFO  StdSchedulerFactory:1362 - Quartz scheduler 'DefaultQuartzScheduler' initialized from default resource file in Quartz package: 'quartz.properties'
2017-11-05 21:43:55 INFO  StdSchedulerFactory:1366 - Quartz scheduler version: 2.3.0
2017-11-05 21:43:55 INFO  QuartzScheduler:547 - Scheduler DefaultQuartzScheduler_$_NON_CLUSTERED started.
2017-11-05 21:43:55 DEBUG QuartzSchedulerThread:291 - batch acquisition of 0 triggers
2017-11-05 21:44:25 DEBUG QuartzSchedulerThread:291 - batch acquisition of 0 triggers
2017-11-05 21:44:54 DEBUG QuartzSchedulerThread:291 - batch acquisition of 0 triggers
2017-11-05 21:45:19 DEBUG QuartzSchedulerThread:291 - batch acquisition of 0 triggers
2017-11-05 21:45:43 DEBUG QuartzSchedulerThread:291 - batch acquisition of 0 triggers
2017-11-05 21:46:10 DEBUG QuartzSchedulerThread:291 - batch acquisition of 0 triggers
2017-11-05 23:49:35 INFO  StdSchedulerFactory:1208 - Using default implementation for ThreadExecutor
2017-11-05 23:49:35 INFO  SimpleThreadPool:268 - Job execution threads will use class loader of thread: main
2017-11-05 23:49:35 INFO  SchedulerSignalerImpl:61 - Initialized Scheduler Signaller of type: class org.quartz.core.SchedulerSignalerImpl
2017-11-05 23:49:35 INFO  QuartzScheduler:229 - Quartz Scheduler v.2.3.0 created.
2017-11-05 23:49:35 INFO  RAMJobStore:155 - RAMJobStore initialized.
2017-11-05 23:49:35 INFO  QuartzScheduler:294 - Scheduler meta-data: Quartz Scheduler (v2.3.0) 'DefaultQuartzScheduler' with instanceId 'NON_CLUSTERED'
  Scheduler class: 'org.quartz.core.QuartzScheduler' - running locally.
  NOT STARTED.
  Currently in standby mode.
  Number of jobs executed: 0
  Using thread pool 'org.quartz.simpl.SimpleThreadPool' - with 10 threads.
  Using job-store 'org.quartz.simpl.RAMJobStore' - which does not support persistence. and is not clustered.

2017-11-05 23:49:35 INFO  StdSchedulerFactory:1362 - Quartz scheduler 'DefaultQuartzScheduler' initialized from default resource file in Quartz package: 'quartz.properties'
2017-11-05 23:49:35 INFO  StdSchedulerFactory:1366 - Quartz scheduler version: 2.3.0
2017-11-05 23:49:35 INFO  QuartzScheduler:547 - Scheduler DefaultQuartzScheduler_$_NON_CLUSTERED started.
2017-11-05 23:49:35 DEBUG QuartzSchedulerThread:291 - batch acquisition of 0 triggers
2017-11-05 23:50:02 DEBUG QuartzSchedulerThread:291 - batch acquisition of 0 triggers
2017-11-05 23:50:29 DEBUG QuartzSchedulerThread:291 - batch acquisition of 0 triggers
2017-11-05 23:50:38 INFO  StdSchedulerFactory:1208 - Using default implementation for ThreadExecutor
2017-11-05 23:50:38 INFO  SimpleThreadPool:268 - Job execution threads will use class loader of thread: main
2017-11-05 23:50:38 INFO  SchedulerSignalerImpl:61 - Initialized Scheduler Signaller of type: class org.quartz.core.SchedulerSignalerImpl
2017-11-05 23:50:38 INFO  QuartzScheduler:229 - Quartz Scheduler v.2.3.0 created.
2017-11-05 23:50:38 INFO  RAMJobStore:155 - RAMJobStore initialized.
2017-11-05 23:50:38 INFO  QuartzScheduler:294 - Scheduler meta-data: Quartz Scheduler (v2.3.0) 'DefaultQuartzScheduler' with instanceId 'NON_CLUSTERED'
  Scheduler class: 'org.quartz.core.QuartzScheduler' - running locally.
  NOT STARTED.
  Currently in standby mode.
  Number of jobs executed: 0
  Using thread pool 'org.quartz.simpl.SimpleThreadPool' - with 10 threads.
  Using job-store 'org.quartz.simpl.RAMJobStore' - which does not support persistence. and is not clustered.

2017-11-05 23:50:38 INFO  StdSchedulerFactory:1362 - Quartz scheduler 'DefaultQuartzScheduler' initialized from default resource file in Quartz package: 'quartz.properties'
2017-11-05 23:50:38 INFO  StdSchedulerFactory:1366 - Quartz scheduler version: 2.3.0
2017-11-05 23:50:38 INFO  QuartzScheduler:547 - Scheduler DefaultQuartzScheduler_$_NON_CLUSTERED started.
2017-11-05 23:50:38 DEBUG QuartzSchedulerThread:291 - batch acquisition of 0 triggers
2017-11-05 23:50:57 DEBUG QuartzSchedulerThread:291 - batch acquisition of 0 triggers
2017-11-05 23:51:03 DEBUG QuartzSchedulerThread:291 - batch acquisition of 0 triggers
2017-11-05 23:51:20 DEBUG QuartzSchedulerThread:291 - batch acquisition of 0 triggers
2017-11-05 23:51:32 DEBUG QuartzSchedulerThread:291 - batch acquisition of 0 triggers
2017-11-05 23:51:46 DEBUG QuartzSchedulerThread:291 - batch acquisition of 0 triggers
2017-11-05 23:52:02 DEBUG QuartzSchedulerThread:291 - batch acquisition of 0 triggers
2017-11-05 23:52:15 DEBUG QuartzSchedulerThread:291 - batch acquisition of 0 triggers
2017-11-05 23:52:30 DEBUG QuartzSchedulerThread:291 - batch acquisition of 0 triggers
2017-11-05 23:52:40 DEBUG QuartzSchedulerThread:291 - batch acquisition of 0 triggers
2017-11-05 23:52:54 DEBUG QuartzSchedulerThread:291 - batch acquisition of 0 triggers
2017-11-05 23:53:05 DEBUG QuartzSchedulerThread:291 - batch acquisition of 0 triggers
2017-11-05 23:53:18 DEBUG QuartzSchedulerThread:291 - batch acquisition of 0 triggers
2017-11-05 23:53:29 DEBUG QuartzSchedulerThread:291 - batch acquisition of 0 triggers
2017-11-05 23:53:44 DEBUG QuartzSchedulerThread:291 - batch acquisition of 0 triggers
2017-11-05 23:53:54 DEBUG QuartzSchedulerThread:291 - batch acquisition of 0 triggers
2017-11-05 23:54:08 DEBUG QuartzSchedulerThread:291 - batch acquisition of 0 triggers
2017-11-05 23:54:18 DEBUG QuartzSchedulerThread:291 - batch acquisition of 0 triggers
2017-11-05 23:54:37 DEBUG QuartzSchedulerThread:291 - batch acquisition of 0 triggers
2017-11-05 23:54:47 DEBUG QuartzSchedulerThread:291 - batch acquisition of 0 triggers
2017-11-05 23:54:55 INFO  StdSchedulerFactory:1208 - Using default implementation for ThreadExecutor
2017-11-05 23:54:55 INFO  SimpleThreadPool:268 - Job execution threads will use class loader of thread: main
2017-11-05 23:54:55 INFO  SchedulerSignalerImpl:61 - Initialized Scheduler Signaller of type: class org.quartz.core.SchedulerSignalerImpl
2017-11-05 23:54:55 INFO  QuartzScheduler:229 - Quartz Scheduler v.2.3.0 created.
2017-11-05 23:54:55 INFO  RAMJobStore:155 - RAMJobStore initialized.
2017-11-05 23:54:55 INFO  QuartzScheduler:294 - Scheduler meta-data: Quartz Scheduler (v2.3.0) 'DefaultQuartzScheduler' with instanceId 'NON_CLUSTERED'
  Scheduler class: 'org.quartz.core.QuartzScheduler' - running locally.
  NOT STARTED.
  Currently in standby mode.
  Number of jobs executed: 0
  Using thread pool 'org.quartz.simpl.SimpleThreadPool' - with 10 threads.
  Using job-store 'org.quartz.simpl.RAMJobStore' - which does not support persistence. and is not clustered.

2017-11-05 23:54:55 INFO  StdSchedulerFactory:1362 - Quartz scheduler 'DefaultQuartzScheduler' initialized from default resource file in Quartz package: 'quartz.properties'
2017-11-05 23:54:55 INFO  StdSchedulerFactory:1366 - Quartz scheduler version: 2.3.0
2017-11-05 23:54:55 INFO  QuartzScheduler:547 - Scheduler DefaultQuartzScheduler_$_NON_CLUSTERED started.
2017-11-05 23:54:55 DEBUG QuartzSchedulerThread:291 - batch acquisition of 0 triggers
2017-11-05 23:55:22 DEBUG QuartzSchedulerThread:291 - batch acquisition of 0 triggers
2017-11-05 23:55:49 DEBUG QuartzSchedulerThread:291 - batch acquisition of 0 triggers
2017-11-05 23:56:12 DEBUG QuartzSchedulerThread:291 - batch acquisition of 0 triggers
2017-11-05 23:56:39 DEBUG QuartzSchedulerThread:291 - batch acquisition of 0 triggers
2017-11-05 23:57:05 DEBUG QuartzSchedulerThread:291 - batch acquisition of 0 triggers
2017-11-05 23:57:29 DEBUG QuartzSchedulerThread:291 - batch acquisition of 0 triggers
2017-11-05 23:57:56 DEBUG QuartzSchedulerThread:291 - batch acquisition of 0 triggers
2017-11-05 23:58:26 DEBUG QuartzSchedulerThread:291 - batch acquisition of 0 triggers
2017-11-06 00:00:09 INFO  StdSchedulerFactory:1208 - Using default implementation for ThreadExecutor
2017-11-06 00:00:09 INFO  SimpleThreadPool:268 - Job execution threads will use class loader of thread: main
2017-11-06 00:00:09 INFO  SchedulerSignalerImpl:61 - Initialized Scheduler Signaller of type: class org.quartz.core.SchedulerSignalerImpl
2017-11-06 00:00:09 INFO  QuartzScheduler:229 - Quartz Scheduler v.2.3.0 created.
2017-11-06 00:00:09 INFO  RAMJobStore:155 - RAMJobStore initialized.
2017-11-06 00:00:09 INFO  QuartzScheduler:294 - Scheduler meta-data: Quartz Scheduler (v2.3.0) 'DefaultQuartzScheduler' with instanceId 'NON_CLUSTERED'
  Scheduler class: 'org.quartz.core.QuartzScheduler' - running locally.
  NOT STARTED.
  Currently in standby mode.
  Number of jobs executed: 0
  Using thread pool 'org.quartz.simpl.SimpleThreadPool' - with 10 threads.
  Using job-store 'org.quartz.simpl.RAMJobStore' - which does not support persistence. and is not clustered.

2017-11-06 00:00:09 INFO  StdSchedulerFactory:1362 - Quartz scheduler 'DefaultQuartzScheduler' initialized from default resource file in Quartz package: 'quartz.properties'
2017-11-06 00:00:09 INFO  StdSchedulerFactory:1366 - Quartz scheduler version: 2.3.0
2017-11-06 00:00:09 INFO  QuartzScheduler:547 - Scheduler DefaultQuartzScheduler_$_NON_CLUSTERED started.
2017-11-06 00:00:09 DEBUG QuartzSchedulerThread:291 - batch acquisition of 0 triggers
2017-11-06 00:00:35 DEBUG QuartzSchedulerThread:291 - batch acquisition of 0 triggers
2017-11-06 00:00:41 INFO  StdSchedulerFactory:1208 - Using default implementation for ThreadExecutor
2017-11-06 00:00:41 INFO  SimpleThreadPool:268 - Job execution threads will use class loader of thread: main
2017-11-06 00:00:41 INFO  SchedulerSignalerImpl:61 - Initialized Scheduler Signaller of type: class org.quartz.core.SchedulerSignalerImpl
2017-11-06 00:00:41 INFO  QuartzScheduler:229 - Quartz Scheduler v.2.3.0 created.
2017-11-06 00:00:41 INFO  RAMJobStore:155 - RAMJobStore initialized.
2017-11-06 00:00:41 INFO  QuartzScheduler:294 - Scheduler meta-data: Quartz Scheduler (v2.3.0) 'DefaultQuartzScheduler' with instanceId 'NON_CLUSTERED'
  Scheduler class: 'org.quartz.core.QuartzScheduler' - running locally.
  NOT STARTED.
  Currently in standby mode.
  Number of jobs executed: 0
  Using thread pool 'org.quartz.simpl.SimpleThreadPool' - with 10 threads.
  Using job-store 'org.quartz.simpl.RAMJobStore' - which does not support persistence. and is not clustered.

2017-11-06 00:00:41 INFO  StdSchedulerFactory:1362 - Quartz scheduler 'DefaultQuartzScheduler' initialized from default resource file in Quartz package: 'quartz.properties'
2017-11-06 00:00:41 INFO  StdSchedulerFactory:1366 - Quartz scheduler version: 2.3.0
2017-11-06 00:00:41 INFO  QuartzScheduler:547 - Scheduler DefaultQuartzScheduler_$_NON_CLUSTERED started.
2017-11-06 00:00:41 DEBUG QuartzSchedulerThread:291 - batch acquisition of 0 triggers
2017-11-06 00:01:06 DEBUG QuartzSchedulerThread:291 - batch acquisition of 0 triggers
2017-11-06 00:01:35 DEBUG QuartzSchedulerThread:291 - batch acquisition of 0 triggers
2017-11-06 00:01:44 INFO  StdSchedulerFactory:1208 - Using default implementation for ThreadExecutor
2017-11-06 00:01:44 INFO  SimpleThreadPool:268 - Job execution threads will use class loader of thread: main
2017-11-06 00:01:44 INFO  SchedulerSignalerImpl:61 - Initialized Scheduler Signaller of type: class org.quartz.core.SchedulerSignalerImpl
2017-11-06 00:01:44 INFO  QuartzScheduler:229 - Quartz Scheduler v.2.3.0 created.
2017-11-06 00:01:44 INFO  RAMJobStore:155 - RAMJobStore initialized.
2017-11-06 00:01:44 INFO  QuartzScheduler:294 - Scheduler meta-data: Quartz Scheduler (v2.3.0) 'DefaultQuartzScheduler' with instanceId 'NON_CLUSTERED'
  Scheduler class: 'org.quartz.core.QuartzScheduler' - running locally.
  NOT STARTED.
  Currently in standby mode.
  Number of jobs executed: 0
  Using thread pool 'org.quartz.simpl.SimpleThreadPool' - with 10 threads.
  Using job-store 'org.quartz.simpl.RAMJobStore' - which does not support persistence. and is not clustered.

2017-11-06 00:01:44 INFO  StdSchedulerFactory:1362 - Quartz scheduler 'DefaultQuartzScheduler' initialized from default resource file in Quartz package: 'quartz.properties'
2017-11-06 00:01:44 INFO  StdSchedulerFactory:1366 - Quartz scheduler version: 2.3.0
2017-11-06 00:01:44 INFO  QuartzScheduler:547 - Scheduler DefaultQuartzScheduler_$_NON_CLUSTERED started.
2017-11-06 00:01:44 DEBUG QuartzSchedulerThread:291 - batch acquisition of 0 triggers
2017-11-06 00:02:02 DEBUG QuartzSchedulerThread:291 - batch acquisition of 0 triggers
2017-11-06 00:02:09 DEBUG QuartzSchedulerThread:291 - batch acquisition of 0 triggers
2017-11-06 00:02:28 DEBUG QuartzSchedulerThread:291 - batch acquisition of 0 triggers
2017-11-06 00:02:36 DEBUG QuartzSchedulerThread:291 - batch acquisition of 0 triggers
2017-11-06 00:02:54 DEBUG QuartzSchedulerThread:291 - batch acquisition of 0 triggers
2017-11-06 00:03:02 DEBUG QuartzSchedulerThread:291 - batch acquisition of 0 triggers
2017-11-06 00:03:19 DEBUG QuartzSchedulerThread:291 - batch acquisition of 0 triggers
2017-11-06 00:03:27 DEBUG QuartzSchedulerThread:291 - batch acquisition of 0 triggers
2017-11-06 00:03:48 INFO  StdSchedulerFactory:1208 - Using default implementation for ThreadExecutor
2017-11-06 00:03:48 INFO  SimpleThreadPool:268 - Job execution threads will use class loader of thread: main
2017-11-06 00:03:48 INFO  SchedulerSignalerImpl:61 - Initialized Scheduler Signaller of type: class org.quartz.core.SchedulerSignalerImpl
2017-11-06 00:03:48 INFO  QuartzScheduler:229 - Quartz Scheduler v.2.3.0 created.
2017-11-06 00:03:48 INFO  RAMJobStore:155 - RAMJobStore initialized.
2017-11-06 00:03:48 INFO  QuartzScheduler:294 - Scheduler meta-data: Quartz Scheduler (v2.3.0) 'DefaultQuartzScheduler' with instanceId 'NON_CLUSTERED'
  Scheduler class: 'org.quartz.core.QuartzScheduler' - running locally.
  NOT STARTED.
  Currently in standby mode.
  Number of jobs executed: 0
  Using thread pool 'org.quartz.simpl.SimpleThreadPool' - with 10 threads.
  Using job-store 'org.quartz.simpl.RAMJobStore' - which does not support persistence. and is not clustered.

2017-11-06 00:03:48 INFO  StdSchedulerFactory:1362 - Quartz scheduler 'DefaultQuartzScheduler' initialized from default resource file in Quartz package: 'quartz.properties'
2017-11-06 00:03:48 INFO  StdSchedulerFactory:1366 - Quartz scheduler version: 2.3.0
2017-11-06 00:03:48 INFO  QuartzScheduler:547 - Scheduler DefaultQuartzScheduler_$_NON_CLUSTERED started.
2017-11-06 00:03:48 DEBUG QuartzSchedulerThread:291 - batch acquisition of 0 triggers
2017-11-06 00:03:49 DEBUG QuartzSchedulerThread:291 - batch acquisition of 0 triggers
2017-11-06 00:03:52 DEBUG QuartzSchedulerThread:291 - batch acquisition of 0 triggers
2017-11-06 00:04:14 DEBUG QuartzSchedulerThread:291 - batch acquisition of 0 triggers
2017-11-06 00:04:18 DEBUG QuartzSchedulerThread:291 - batch acquisition of 0 triggers
2017-11-06 00:04:21 DEBUG QuartzSchedulerThread:291 - batch acquisition of 0 triggers
2017-11-06 00:04:36 INFO  StdSchedulerFactory:1208 - Using default implementation for ThreadExecutor
2017-11-06 00:04:36 INFO  SimpleThreadPool:268 - Job execution threads will use class loader of thread: main
2017-11-06 00:04:36 INFO  SchedulerSignalerImpl:61 - Initialized Scheduler Signaller of type: class org.quartz.core.SchedulerSignalerImpl
2017-11-06 00:04:36 INFO  QuartzScheduler:229 - Quartz Scheduler v.2.3.0 created.
2017-11-06 00:04:36 INFO  RAMJobStore:155 - RAMJobStore initialized.
2017-11-06 00:04:36 INFO  QuartzScheduler:294 - Scheduler meta-data: Quartz Scheduler (v2.3.0) 'DefaultQuartzScheduler' with instanceId 'NON_CLUSTERED'
  Scheduler class: 'org.quartz.core.QuartzScheduler' - running locally.
  NOT STARTED.
  Currently in standby mode.
  Number of jobs executed: 0
  Using thread pool 'org.quartz.simpl.SimpleThreadPool' - with 10 threads.
  Using job-store 'org.quartz.simpl.RAMJobStore' - which does not support persistence. and is not clustered.

2017-11-06 00:04:36 INFO  StdSchedulerFactory:1362 - Quartz scheduler 'DefaultQuartzScheduler' initialized from default resource file in Quartz package: 'quartz.properties'
2017-11-06 00:04:36 INFO  StdSchedulerFactory:1366 - Quartz scheduler version: 2.3.0
2017-11-06 00:04:36 INFO  QuartzScheduler:547 - Scheduler DefaultQuartzScheduler_$_NON_CLUSTERED started.
2017-11-06 00:04:36 DEBUG QuartzSchedulerThread:291 - batch acquisition of 0 triggers
2017-11-06 00:04:38 DEBUG QuartzSchedulerThread:291 - batch acquisition of 0 triggers
2017-11-06 00:04:43 DEBUG QuartzSchedulerThread:291 - batch acquisition of 0 triggers
2017-11-06 00:04:48 DEBUG QuartzSchedulerThread:291 - batch acquisition of 0 triggers
2017-11-06 00:05:00 DEBUG QuartzSchedulerThread:291 - batch acquisition of 0 triggers
2017-11-06 00:05:03 INFO  StdSchedulerFactory:1208 - Using default implementation for ThreadExecutor
2017-11-06 00:05:03 INFO  SimpleThreadPool:268 - Job execution threads will use class loader of thread: main
2017-11-06 00:05:03 INFO  SchedulerSignalerImpl:61 - Initialized Scheduler Signaller of type: class org.quartz.core.SchedulerSignalerImpl
2017-11-06 00:05:03 INFO  QuartzScheduler:229 - Quartz Scheduler v.2.3.0 created.
2017-11-06 00:05:03 INFO  RAMJobStore:155 - RAMJobStore initialized.
2017-11-06 00:05:03 INFO  QuartzScheduler:294 - Scheduler meta-data: Quartz Scheduler (v2.3.0) 'DefaultQuartzScheduler' with instanceId 'NON_CLUSTERED'
  Scheduler class: 'org.quartz.core.QuartzScheduler' - running locally.
  NOT STARTED.
  Currently in standby mode.
  Number of jobs executed: 0
  Using thread pool 'org.quartz.simpl.SimpleThreadPool' - with 10 threads.
  Using job-store 'org.quartz.simpl.RAMJobStore' - which does not support persistence. and is not clustered.

2017-11-06 00:05:03 INFO  StdSchedulerFactory:1362 - Quartz scheduler 'DefaultQuartzScheduler' initialized from default resource file in Quartz package: 'quartz.properties'
2017-11-06 00:05:03 INFO  StdSchedulerFactory:1366 - Quartz scheduler version: 2.3.0
2017-11-06 00:05:03 INFO  QuartzScheduler:547 - Scheduler DefaultQuartzScheduler_$_NON_CLUSTERED started.
2017-11-06 00:05:03 DEBUG QuartzSchedulerThread:291 - batch acquisition of 0 triggers
2017-11-06 00:05:05 DEBUG QuartzSchedulerThread:291 - batch acquisition of 0 triggers
2017-11-06 00:05:08 DEBUG QuartzSchedulerThread:291 - batch acquisition of 0 triggers
2017-11-06 00:05:16 DEBUG QuartzSchedulerThread:291 - batch acquisition of 0 triggers
2017-11-06 00:05:25 DEBUG QuartzSchedulerThread:291 - batch acquisition of 0 triggers
2017-11-06 00:05:28 DEBUG QuartzSchedulerThread:291 - batch acquisition of 0 triggers
2017-11-06 00:05:29 DEBUG QuartzSchedulerThread:291 - batch acquisition of 0 triggers
2017-11-06 00:05:33 DEBUG QuartzSchedulerThread:291 - batch acquisition of 0 triggers
2017-11-06 00:05:42 DEBUG QuartzSchedulerThread:291 - batch acquisition of 0 triggers
2017-11-06 00:05:50 DEBUG QuartzSchedulerThread:291 - batch acquisition of 0 triggers
2017-11-06 00:05:55 DEBUG QuartzSchedulerThread:291 - batch acquisition of 0 triggers
2017-11-06 00:05:58 DEBUG QuartzSchedulerThread:291 - batch acquisition of 0 triggers
2017-11-06 00:05:59 DEBUG QuartzSchedulerThread:291 - batch acquisition of 0 triggers
2017-11-06 00:06:01 INFO  StdSchedulerFactory:1208 - Using default implementation for ThreadExecutor
2017-11-06 00:06:01 INFO  SimpleThreadPool:268 - Job execution threads will use class loader of thread: main
2017-11-06 00:06:01 INFO  SchedulerSignalerImpl:61 - Initialized Scheduler Signaller of type: class org.quartz.core.SchedulerSignalerImpl
2017-11-06 00:06:01 INFO  QuartzScheduler:229 - Quartz Scheduler v.2.3.0 created.
2017-11-06 00:06:02 INFO  RAMJobStore:155 - RAMJobStore initialized.
2017-11-06 00:06:02 INFO  QuartzScheduler:294 - Scheduler meta-data: Quartz Scheduler (v2.3.0) 'DefaultQuartzScheduler' with instanceId 'NON_CLUSTERED'
  Scheduler class: 'org.quartz.core.QuartzScheduler' - running locally.
  NOT STARTED.
  Currently in standby mode.
  Number of jobs executed: 0
  Using thread pool 'org.quartz.simpl.SimpleThreadPool' - with 10 threads.
  Using job-store 'org.quartz.simpl.RAMJobStore' - which does not support persistence. and is not clustered.

2017-11-06 00:06:02 INFO  StdSchedulerFactory:1362 - Quartz scheduler 'DefaultQuartzScheduler' initialized from default resource file in Quartz package: 'quartz.properties'
2017-11-06 00:06:02 INFO  StdSchedulerFactory:1366 - Quartz scheduler version: 2.3.0
2017-11-06 00:06:02 INFO  QuartzScheduler:547 - Scheduler DefaultQuartzScheduler_$_NON_CLUSTERED started.
2017-11-06 00:06:02 DEBUG QuartzSchedulerThread:291 - batch acquisition of 0 triggers
2017-11-06 00:06:11 DEBUG QuartzSchedulerThread:291 - batch acquisition of 0 triggers
2017-11-06 00:06:14 DEBUG QuartzSchedulerThread:291 - batch acquisition of 0 triggers
2017-11-06 00:06:19 DEBUG QuartzSchedulerThread:291 - batch acquisition of 0 triggers
2017-11-06 00:06:25 DEBUG QuartzSchedulerThread:291 - batch acquisition of 0 triggers
2017-11-06 00:06:25 DEBUG QuartzSchedulerThread:291 - batch acquisition of 0 triggers
2017-11-06 00:06:28 DEBUG QuartzSchedulerThread:291 - batch acquisition of 0 triggers
2017-11-06 00:06:38 DEBUG QuartzSchedulerThread:291 - batch acquisition of 0 triggers
2017-11-06 00:06:39 DEBUG QuartzSchedulerThread:291 - batch acquisition of 0 triggers
2017-11-06 00:06:48 DEBUG QuartzSchedulerThread:291 - batch acquisition of 0 triggers
2017-11-06 00:06:48 DEBUG QuartzSchedulerThread:291 - batch acquisition of 0 triggers
2017-11-06 00:06:51 DEBUG QuartzSchedulerThread:291 - batch acquisition of 0 triggers
2017-11-06 00:06:57 DEBUG QuartzSchedulerThread:291 - batch acquisition of 0 triggers
2017-11-06 00:07:03 DEBUG QuartzSchedulerThread:291 - batch acquisition of 0 triggers
2017-11-06 00:07:07 DEBUG QuartzSchedulerThread:291 - batch acquisition of 0 triggers
2017-11-06 00:07:15 DEBUG QuartzSchedulerThread:291 - batch acquisition of 0 triggers
2017-11-06 00:07:15 DEBUG QuartzSchedulerThread:291 - batch acquisition of 0 triggers
2017-11-06 00:07:18 DEBUG QuartzSchedulerThread:291 - batch acquisition of 0 triggers
2017-11-06 00:07:21 DEBUG QuartzSchedulerThread:291 - batch acquisition of 0 triggers
2017-11-06 00:07:27 DEBUG QuartzSchedulerThread:291 - batch acquisition of 0 triggers
2017-11-06 00:07:34 DEBUG QuartzSchedulerThread:291 - batch acquisition of 0 triggers
2017-11-06 00:07:39 DEBUG QuartzSchedulerThread:291 - batch acquisition of 0 triggers
2017-11-06 00:07:43 DEBUG QuartzSchedulerThread:291 - batch acquisition of 0 triggers
2017-11-06 00:07:43 DEBUG QuartzSchedulerThread:291 - batch acquisition of 0 triggers
2017-11-06 00:07:46 DEBUG QuartzSchedulerThread:291 - batch acquisition of 0 triggers
2017-11-06 00:07:54 DEBUG QuartzSchedulerThread:291 - batch acquisition of 0 triggers
2017-11-06 00:07:58 DEBUG QuartzSchedulerThread:291 - batch acquisition of 0 triggers
2017-11-06 00:08:05 DEBUG QuartzSchedulerThread:291 - batch acquisition of 0 triggers
2017-11-06 00:08:06 DEBUG QuartzSchedulerThread:291 - batch acquisition of 0 triggers
2017-11-06 00:08:06 DEBUG QuartzSchedulerThread:291 - batch acquisition of 0 triggers
2017-11-06 00:08:12 DEBUG QuartzSchedulerThread:291 - batch acquisition of 0 triggers
2017-11-06 00:08:23 DEBUG QuartzSchedulerThread:291 - batch acquisition of 0 triggers
2017-11-06 00:08:23 DEBUG QuartzSchedulerThread:291 - batch acquisition of 0 triggers
2017-11-06 00:08:29 DEBUG QuartzSchedulerThread:291 - batch acquisition of 0 triggers
2017-11-06 00:08:31 DEBUG QuartzSchedulerThread:291 - batch acquisition of 0 triggers
2017-11-06 00:08:34 DEBUG QuartzSchedulerThread:291 - batch acquisition of 0 triggers
2017-11-06 00:08:35 DEBUG QuartzSchedulerThread:291 - batch acquisition of 0 triggers
2017-11-06 00:08:52 DEBUG QuartzSchedulerThread:291 - batch acquisition of 0 triggers
2017-11-06 00:08:53 DEBUG QuartzSchedulerThread:291 - batch acquisition of 0 triggers
2017-11-06 00:08:54 DEBUG QuartzSchedulerThread:291 - batch acquisition of 0 triggers
2017-11-06 00:08:57 DEBUG QuartzSchedulerThread:291 - batch acquisition of 0 triggers
2017-11-06 00:09:03 DEBUG QuartzSchedulerThread:291 - batch acquisition of 0 triggers
2017-11-06 00:09:03 DEBUG QuartzSchedulerThread:291 - batch acquisition of 0 triggers
2017-11-06 00:09:16 DEBUG QuartzSchedulerThread:291 - batch acquisition of 0 triggers
2017-11-06 00:09:21 DEBUG QuartzSchedulerThread:291 - batch acquisition of 0 triggers
2017-11-06 00:09:22 DEBUG QuartzSchedulerThread:291 - batch acquisition of 0 triggers
2017-11-06 00:09:24 DEBUG QuartzSchedulerThread:291 - batch acquisition of 0 triggers
2017-11-06 00:09:27 DEBUG QuartzSchedulerThread:291 - batch acquisition of 0 triggers
2017-11-06 00:09:32 DEBUG QuartzSchedulerThread:291 - batch acquisition of 0 triggers
2017-11-06 00:09:41 DEBUG QuartzSchedulerThread:291 - batch acquisition of 0 triggers
2017-11-06 00:09:45 DEBUG QuartzSchedulerThread:291 - batch acquisition of 0 triggers
2017-11-06 00:09:46 DEBUG QuartzSchedulerThread:291 - batch acquisition of 0 triggers
2017-11-06 00:09:51 DEBUG QuartzSchedulerThread:291 - batch acquisition of 0 triggers
2017-11-06 00:09:53 DEBUG QuartzSchedulerThread:291 - batch acquisition of 0 triggers
2017-11-06 00:10:01 DEBUG QuartzSchedulerThread:291 - batch acquisition of 0 triggers
2017-11-06 00:10:10 DEBUG QuartzSchedulerThread:291 - batch acquisition of 0 triggers
2017-11-06 00:10:12 DEBUG QuartzSchedulerThread:291 - batch acquisition of 0 triggers
2017-11-06 00:10:16 DEBUG QuartzSchedulerThread:291 - batch acquisition of 0 triggers
2017-11-06 00:10:17 DEBUG QuartzSchedulerThread:291 - batch acquisition of 0 triggers
2017-11-06 00:10:18 DEBUG QuartzSchedulerThread:291 - batch acquisition of 0 triggers
2017-11-06 00:10:29 DEBUG QuartzSchedulerThread:291 - batch acquisition of 0 triggers
2017-11-06 00:10:37 DEBUG QuartzSchedulerThread:291 - batch acquisition of 0 triggers
2017-11-06 00:10:39 DEBUG QuartzSchedulerThread:291 - batch acquisition of 0 triggers
2017-11-06 00:10:39 DEBUG QuartzSchedulerThread:291 - batch acquisition of 0 triggers
2017-11-06 00:10:43 DEBUG QuartzSchedulerThread:291 - batch acquisition of 0 triggers
2017-11-06 00:10:43 DEBUG QuartzSchedulerThread:291 - batch acquisition of 0 triggers
2017-11-06 00:10:55 DEBUG QuartzSchedulerThread:291 - batch acquisition of 0 triggers
2017-11-06 00:11:02 DEBUG QuartzSchedulerThread:291 - batch acquisition of 0 triggers
2017-11-06 00:11:07 DEBUG QuartzSchedulerThread:291 - batch acquisition of 0 triggers
2017-11-06 00:11:07 DEBUG QuartzSchedulerThread:291 - batch acquisition of 0 triggers
2017-11-06 00:11:09 DEBUG QuartzSchedulerThread:291 - batch acquisition of 0 triggers
2017-11-06 00:11:12 DEBUG QuartzSchedulerThread:291 - batch acquisition of 0 triggers
2017-11-06 00:11:21 DEBUG QuartzSchedulerThread:291 - batch acquisition of 0 triggers
2017-11-06 00:11:26 DEBUG QuartzSchedulerThread:291 - batch acquisition of 0 triggers
2017-11-06 00:11:30 DEBUG QuartzSchedulerThread:291 - batch acquisition of 0 triggers
2017-11-06 00:11:35 DEBUG QuartzSchedulerThread:291 - batch acquisition of 0 triggers
2017-11-06 00:11:38 DEBUG QuartzSchedulerThread:291 - batch acquisition of 0 triggers
2017-11-06 00:11:39 DEBUG QuartzSchedulerThread:291 - batch acquisition of 0 triggers
2017-11-06 00:11:50 DEBUG QuartzSchedulerThread:291 - batch acquisition of 0 triggers
2017-11-06 00:11:54 DEBUG QuartzSchedulerThread:291 - batch acquisition of 0 triggers
2017-11-06 00:11:59 DEBUG QuartzSchedulerThread:291 - batch acquisition of 0 triggers
2017-11-06 00:12:03 DEBUG QuartzSchedulerThread:291 - batch acquisition of 0 triggers
2017-11-06 00:12:03 DEBUG QuartzSchedulerThread:291 - batch acquisition of 0 triggers
2017-11-06 00:12:03 DEBUG QuartzSchedulerThread:291 - batch acquisition of 0 triggers
2017-11-06 00:12:14 DEBUG QuartzSchedulerThread:291 - batch acquisition of 0 triggers
2017-11-06 00:12:24 DEBUG QuartzSchedulerThread:291 - batch acquisition of 0 triggers
2017-11-06 00:12:26 DEBUG QuartzSchedulerThread:291 - batch acquisition of 0 triggers
2017-11-06 00:12:26 DEBUG QuartzSchedulerThread:291 - batch acquisition of 0 triggers
2017-11-06 00:12:27 DEBUG QuartzSchedulerThread:291 - batch acquisition of 0 triggers
2017-11-06 00:12:27 DEBUG QuartzSchedulerThread:291 - batch acquisition of 0 triggers
2017-11-06 00:12:40 DEBUG QuartzSchedulerThread:291 - batch acquisition of 0 triggers
2017-11-06 00:12:50 DEBUG QuartzSchedulerThread:291 - batch acquisition of 0 triggers
2017-11-06 00:12:53 DEBUG QuartzSchedulerThread:291 - batch acquisition of 0 triggers
2017-11-06 00:12:53 DEBUG QuartzSchedulerThread:291 - batch acquisition of 0 triggers
2017-11-06 00:12:53 DEBUG QuartzSchedulerThread:291 - batch acquisition of 0 triggers
2017-11-06 00:12:55 DEBUG QuartzSchedulerThread:291 - batch acquisition of 0 triggers
2017-11-06 00:13:08 DEBUG QuartzSchedulerThread:291 - batch acquisition of 0 triggers
2017-11-06 00:13:13 DEBUG QuartzSchedulerThread:291 - batch acquisition of 0 triggers
2017-11-06 00:13:17 DEBUG QuartzSchedulerThread:291 - batch acquisition of 0 triggers
2017-11-06 00:13:18 DEBUG QuartzSchedulerThread:291 - batch acquisition of 0 triggers
2017-11-06 00:13:21 DEBUG QuartzSchedulerThread:291 - batch acquisition of 0 triggers
2017-11-06 00:13:22 DEBUG QuartzSchedulerThread:291 - batch acquisition of 0 triggers
2017-11-06 00:13:34 DEBUG QuartzSchedulerThread:291 - batch acquisition of 0 triggers
2017-11-06 00:13:43 DEBUG QuartzSchedulerThread:291 - batch acquisition of 0 triggers
2017-11-06 00:13:44 DEBUG QuartzSchedulerThread:291 - batch acquisition of 0 triggers
2017-11-06 00:13:46 DEBUG QuartzSchedulerThread:291 - batch acquisition of 0 triggers
2017-11-06 00:13:49 DEBUG QuartzSchedulerThread:291 - batch acquisition of 0 triggers
2017-11-06 00:13:51 DEBUG QuartzSchedulerThread:291 - batch acquisition of 0 triggers
2017-11-06 00:14:02 DEBUG QuartzSchedulerThread:291 - batch acquisition of 0 triggers
2017-11-06 00:14:07 DEBUG QuartzSchedulerThread:291 - batch acquisition of 0 triggers
2017-11-06 00:14:11 DEBUG QuartzSchedulerThread:291 - batch acquisition of 0 triggers
2017-11-06 00:14:12 DEBUG QuartzSchedulerThread:291 - batch acquisition of 0 triggers
2017-11-06 00:14:13 DEBUG QuartzSchedulerThread:291 - batch acquisition of 0 triggers
2017-11-06 00:14:19 DEBUG QuartzSchedulerThread:291 - batch acquisition of 0 triggers
2017-11-06 00:14:30 DEBUG QuartzSchedulerThread:291 - batch acquisition of 0 triggers
2017-11-06 00:14:32 DEBUG QuartzSchedulerThread:291 - batch acquisition of 0 triggers
2017-11-06 00:14:39 DEBUG QuartzSchedulerThread:291 - batch acquisition of 0 triggers
2017-11-06 00:14:39 DEBUG QuartzSchedulerThread:291 - batch acquisition of 0 triggers
2017-11-06 00:14:40 DEBUG QuartzSchedulerThread:291 - batch acquisition of 0 triggers
2017-11-06 00:14:42 DEBUG QuartzSchedulerThread:291 - batch acquisition of 0 triggers
2017-11-06 00:14:56 DEBUG QuartzSchedulerThread:291 - batch acquisition of 0 triggers
2017-11-06 00:15:00 DEBUG QuartzSchedulerThread:291 - batch acquisition of 0 triggers
2017-11-06 00:15:04 DEBUG QuartzSchedulerThread:291 - batch acquisition of 0 triggers
2017-11-06 00:15:07 DEBUG QuartzSchedulerThread:291 - batch acquisition of 0 triggers
2017-11-06 00:15:07 DEBUG QuartzSchedulerThread:291 - batch acquisition of 0 triggers
2017-11-06 00:15:11 DEBUG QuartzSchedulerThread:291 - batch acquisition of 0 triggers
2017-11-06 00:15:25 DEBUG QuartzSchedulerThread:291 - batch acquisition of 0 triggers
2017-11-06 00:15:25 DEBUG QuartzSchedulerThread:291 - batch acquisition of 0 triggers
2017-11-06 00:15:28 DEBUG QuartzSchedulerThread:291 - batch acquisition of 0 triggers
2017-11-06 00:15:32 DEBUG QuartzSchedulerThread:291 - batch acquisition of 0 triggers
2017-11-06 00:15:35 DEBUG QuartzSchedulerThread:291 - batch acquisition of 0 triggers
2017-11-06 00:15:36 DEBUG QuartzSchedulerThread:291 - batch acquisition of 0 triggers
2017-11-06 00:15:52 DEBUG QuartzSchedulerThread:291 - batch acquisition of 0 triggers
2017-11-06 00:15:52 DEBUG QuartzSchedulerThread:291 - batch acquisition of 0 triggers
2017-11-06 00:15:56 DEBUG QuartzSchedulerThread:291 - batch acquisition of 0 triggers
2017-11-06 00:15:57 DEBUG QuartzSchedulerThread:291 - batch acquisition of 0 triggers
2017-11-06 00:16:01 DEBUG QuartzSchedulerThread:291 - batch acquisition of 0 triggers
2017-11-06 00:16:02 DEBUG QuartzSchedulerThread:291 - batch acquisition of 0 triggers
2017-11-06 00:16:16 DEBUG QuartzSchedulerThread:291 - batch acquisition of 0 triggers
2017-11-06 00:16:21 DEBUG QuartzSchedulerThread:291 - batch acquisition of 0 triggers
2017-11-06 00:16:21 DEBUG QuartzSchedulerThread:291 - batch acquisition of 0 triggers
2017-11-06 00:16:22 DEBUG QuartzSchedulerThread:291 - batch acquisition of 0 triggers
2017-11-06 00:16:30 DEBUG QuartzSchedulerThread:291 - batch acquisition of 0 triggers
2017-11-06 00:16:32 DEBUG QuartzSchedulerThread:291 - batch acquisition of 0 triggers
2017-11-06 00:16:40 DEBUG QuartzSchedulerThread:291 - batch acquisition of 0 triggers
2017-11-06 00:16:47 DEBUG QuartzSchedulerThread:291 - batch acquisition of 0 triggers
2017-11-06 00:16:47 DEBUG QuartzSchedulerThread:291 - batch acquisition of 0 triggers
2017-11-06 00:16:51 DEBUG QuartzSchedulerThread:291 - batch acquisition of 0 triggers
2017-11-06 00:16:56 DEBUG QuartzSchedulerThread:291 - batch acquisition of 0 triggers
2017-11-06 00:16:58 DEBUG QuartzSchedulerThread:291 - batch acquisition of 0 triggers
2017-11-06 00:17:08 DEBUG QuartzSchedulerThread:291 - batch acquisition of 0 triggers
2017-11-06 00:17:14 DEBUG QuartzSchedulerThread:291 - batch acquisition of 0 triggers
2017-11-06 00:17:17 DEBUG QuartzSchedulerThread:291 - batch acquisition of 0 triggers
2017-11-06 00:17:20 DEBUG QuartzSchedulerThread:291 - batch acquisition of 0 triggers
2017-11-06 00:17:23 DEBUG QuartzSchedulerThread:291 - batch acquisition of 0 triggers
2017-11-06 00:17:23 DEBUG QuartzSchedulerThread:291 - batch acquisition of 0 triggers
2017-11-06 00:17:36 DEBUG QuartzSchedulerThread:291 - batch acquisition of 0 triggers
2017-11-06 00:17:41 DEBUG QuartzSchedulerThread:291 - batch acquisition of 0 triggers
2017-11-06 00:17:42 DEBUG QuartzSchedulerThread:291 - batch acquisition of 0 triggers
2017-11-06 00:17:47 DEBUG QuartzSchedulerThread:291 - batch acquisition of 0 triggers
2017-11-06 00:17:48 DEBUG QuartzSchedulerThread:291 - batch acquisition of 0 triggers
2017-11-06 00:17:50 DEBUG QuartzSchedulerThread:291 - batch acquisition of 0 triggers
2017-11-06 00:18:04 DEBUG QuartzSchedulerThread:291 - batch acquisition of 0 triggers
2017-11-06 00:18:09 DEBUG QuartzSchedulerThread:291 - batch acquisition of 0 triggers
2017-11-06 00:18:09 DEBUG QuartzSchedulerThread:291 - batch acquisition of 0 triggers
2017-11-06 00:18:10 DEBUG QuartzSchedulerThread:291 - batch acquisition of 0 triggers
2017-11-06 00:18:17 DEBUG QuartzSchedulerThread:291 - batch acquisition of 0 triggers
2017-11-06 00:18:17 DEBUG QuartzSchedulerThread:291 - batch acquisition of 0 triggers
2017-11-06 00:18:32 DEBUG QuartzSchedulerThread:291 - batch acquisition of 0 triggers
2017-11-06 00:18:35 DEBUG QuartzSchedulerThread:291 - batch acquisition of 0 triggers
2017-11-06 00:18:35 DEBUG QuartzSchedulerThread:291 - batch acquisition of 0 triggers
2017-11-06 00:18:36 DEBUG QuartzSchedulerThread:291 - batch acquisition of 0 triggers
2017-11-06 00:18:45 DEBUG QuartzSchedulerThread:291 - batch acquisition of 0 triggers
2017-11-06 00:18:46 DEBUG QuartzSchedulerThread:291 - batch acquisition of 0 triggers
2017-11-06 00:18:59 DEBUG QuartzSchedulerThread:291 - batch acquisition of 0 triggers
2017-11-06 00:19:00 DEBUG QuartzSchedulerThread:291 - batch acquisition of 0 triggers
2017-11-06 00:19:00 DEBUG QuartzSchedulerThread:291 - batch acquisition of 0 triggers
2017-11-06 00:19:03 DEBUG QuartzSchedulerThread:291 - batch acquisition of 0 triggers
2017-11-06 00:19:14 DEBUG QuartzSchedulerThread:291 - batch acquisition of 0 triggers
2017-11-06 00:19:14 DEBUG QuartzSchedulerThread:291 - batch acquisition of 0 triggers
2017-11-06 00:19:27 DEBUG QuartzSchedulerThread:291 - batch acquisition of 0 triggers
2017-11-06 00:19:28 DEBUG QuartzSchedulerThread:291 - batch acquisition of 0 triggers
2017-11-06 00:19:28 DEBUG QuartzSchedulerThread:291 - batch acquisition of 0 triggers
2017-11-06 00:19:28 DEBUG QuartzSchedulerThread:291 - batch acquisition of 0 triggers
2017-11-06 00:19:40 DEBUG QuartzSchedulerThread:291 - batch acquisition of 0 triggers
2017-11-06 00:19:41 DEBUG QuartzSchedulerThread:291 - batch acquisition of 0 triggers
2017-11-06 00:19:51 DEBUG QuartzSchedulerThread:291 - batch acquisition of 0 triggers
2017-11-06 00:19:54 DEBUG QuartzSchedulerThread:291 - batch acquisition of 0 triggers
2017-11-06 00:19:54 DEBUG QuartzSchedulerThread:291 - batch acquisition of 0 triggers
2017-11-06 00:19:56 DEBUG QuartzSchedulerThread:291 - batch acquisition of 0 triggers
2017-11-06 00:20:04 DEBUG QuartzSchedulerThread:291 - batch acquisition of 0 triggers
2017-11-06 00:20:09 DEBUG QuartzSchedulerThread:291 - batch acquisition of 0 triggers
2017-11-06 00:20:19 DEBUG QuartzSchedulerThread:291 - batch acquisition of 0 triggers
2017-11-06 00:20:21 DEBUG QuartzSchedulerThread:291 - batch acquisition of 0 triggers
2017-11-06 00:20:21 DEBUG QuartzSchedulerThread:291 - batch acquisition of 0 triggers
2017-11-06 00:20:22 DEBUG QuartzSchedulerThread:291 - batch acquisition of 0 triggers
2017-11-06 00:20:34 DEBUG QuartzSchedulerThread:291 - batch acquisition of 0 triggers
2017-11-06 00:20:38 DEBUG QuartzSchedulerThread:291 - batch acquisition of 0 triggers
2017-11-06 00:20:42 DEBUG QuartzSchedulerThread:291 - batch acquisition of 0 triggers
2017-11-06 00:20:47 DEBUG QuartzSchedulerThread:291 - batch acquisition of 0 triggers
2017-11-06 00:20:48 DEBUG QuartzSchedulerThread:291 - batch acquisition of 0 triggers
2017-11-06 00:20:51 DEBUG QuartzSchedulerThread:291 - batch acquisition of 0 triggers
2017-11-06 00:20:59 DEBUG QuartzSchedulerThread:291 - batch acquisition of 0 triggers
2017-11-06 00:21:05 DEBUG QuartzSchedulerThread:291 - batch acquisition of 0 triggers
2017-11-06 00:21:07 DEBUG QuartzSchedulerThread:291 - batch acquisition of 0 triggers
2017-11-06 00:21:14 DEBUG QuartzSchedulerThread:291 - batch acquisition of 0 triggers
2017-11-06 00:21:16 DEBUG QuartzSchedulerThread:291 - batch acquisition of 0 triggers
2017-11-06 00:21:17 DEBUG QuartzSchedulerThread:291 - batch acquisition of 0 triggers
2017-11-06 00:21:24 DEBUG QuartzSchedulerThread:291 - batch acquisition of 0 triggers
2017-11-06 00:21:32 DEBUG QuartzSchedulerThread:291 - batch acquisition of 0 triggers
2017-11-06 00:21:33 DEBUG QuartzSchedulerThread:291 - batch acquisition of 0 triggers
2017-11-06 00:21:40 DEBUG QuartzSchedulerThread:291 - batch acquisition of 0 triggers
2017-11-06 00:21:42 DEBUG QuartzSchedulerThread:291 - batch acquisition of 0 triggers
2017-11-06 00:21:42 DEBUG QuartzSchedulerThread:291 - batch acquisition of 0 triggers
2017-11-06 00:21:53 DEBUG QuartzSchedulerThread:291 - batch acquisition of 0 triggers
2017-11-06 00:21:56 DEBUG QuartzSchedulerThread:291 - batch acquisition of 0 triggers
2017-11-06 00:21:58 DEBUG QuartzSchedulerThread:291 - batch acquisition of 0 triggers
2017-11-06 00:22:04 DEBUG QuartzSchedulerThread:291 - batch acquisition of 0 triggers
2017-11-06 00:22:10 DEBUG QuartzSchedulerThread:291 - batch acquisition of 0 triggers
2017-11-06 00:22:10 DEBUG QuartzSchedulerThread:291 - batch acquisition of 0 triggers
2017-11-06 00:22:18 DEBUG QuartzSchedulerThread:291 - batch acquisition of 0 triggers
2017-11-06 00:22:21 DEBUG QuartzSchedulerThread:291 - batch acquisition of 0 triggers
2017-11-06 00:22:23 DEBUG QuartzSchedulerThread:291 - batch acquisition of 0 triggers
2017-11-06 00:22:32 DEBUG QuartzSchedulerThread:291 - batch acquisition of 0 triggers
2017-11-06 00:22:34 DEBUG QuartzSchedulerThread:291 - batch acquisition of 0 triggers
2017-11-06 00:22:38 DEBUG QuartzSchedulerThread:291 - batch acquisition of 0 triggers
2017-11-06 00:22:47 DEBUG QuartzSchedulerThread:291 - batch acquisition of 0 triggers
2017-11-06 00:22:49 DEBUG QuartzSchedulerThread:291 - batch acquisition of 0 triggers
2017-11-06 00:22:50 DEBUG QuartzSchedulerThread:291 - batch acquisition of 0 triggers
2017-11-06 00:23:01 DEBUG QuartzSchedulerThread:291 - batch acquisition of 0 triggers
2017-11-06 00:23:02 DEBUG QuartzSchedulerThread:291 - batch acquisition of 0 triggers
2017-11-06 00:23:05 DEBUG QuartzSchedulerThread:291 - batch acquisition of 0 triggers
2017-11-06 00:23:15 DEBUG QuartzSchedulerThread:291 - batch acquisition of 0 triggers
2017-11-06 00:23:15 DEBUG QuartzSchedulerThread:291 - batch acquisition of 0 triggers
2017-11-06 00:23:17 DEBUG QuartzSchedulerThread:291 - batch acquisition of 0 triggers
2017-11-06 00:23:27 DEBUG QuartzSchedulerThread:291 - batch acquisition of 0 triggers
2017-11-06 00:23:30 DEBUG QuartzSchedulerThread:291 - batch acquisition of 0 triggers
2017-11-06 00:23:33 DEBUG QuartzSchedulerThread:291 - batch acquisition of 0 triggers
2017-11-06 00:23:41 DEBUG QuartzSchedulerThread:291 - batch acquisition of 0 triggers
2017-11-06 00:23:41 DEBUG QuartzSchedulerThread:291 - batch acquisition of 0 triggers
2017-11-06 00:23:42 DEBUG QuartzSchedulerThread:291 - batch acquisition of 0 triggers
2017-11-06 00:23:56 DEBUG QuartzSchedulerThread:291 - batch acquisition of 0 triggers
2017-11-06 00:23:57 DEBUG QuartzSchedulerThread:291 - batch acquisition of 0 triggers
2017-11-06 00:23:59 DEBUG QuartzSchedulerThread:291 - batch acquisition of 0 triggers
2017-11-06 00:24:06 DEBUG QuartzSchedulerThread:291 - batch acquisition of 0 triggers
2017-11-06 00:24:08 DEBUG QuartzSchedulerThread:291 - batch acquisition of 0 triggers
2017-11-06 00:24:09 DEBUG QuartzSchedulerThread:291 - batch acquisition of 0 triggers
2017-11-06 00:24:22 DEBUG QuartzSchedulerThread:291 - batch acquisition of 0 triggers
2017-11-06 00:24:24 DEBUG QuartzSchedulerThread:291 - batch acquisition of 0 triggers
2017-11-06 00:24:28 DEBUG QuartzSchedulerThread:291 - batch acquisition of 0 triggers
2017-11-06 00:24:35 DEBUG QuartzSchedulerThread:291 - batch acquisition of 0 triggers
2017-11-06 00:24:37 DEBUG QuartzSchedulerThread:291 - batch acquisition of 0 triggers
2017-11-06 00:24:37 DEBUG QuartzSchedulerThread:291 - batch acquisition of 0 triggers
2017-11-06 00:24:48 DEBUG QuartzSchedulerThread:291 - batch acquisition of 0 triggers
2017-11-06 00:24:48 DEBUG QuartzSchedulerThread:291 - batch acquisition of 0 triggers
2017-11-06 00:24:52 DEBUG QuartzSchedulerThread:291 - batch acquisition of 0 triggers
2017-11-06 00:24:58 DEBUG QuartzSchedulerThread:291 - batch acquisition of 0 triggers
2017-11-06 00:25:02 DEBUG QuartzSchedulerThread:291 - batch acquisition of 0 triggers
2017-11-06 00:25:05 DEBUG QuartzSchedulerThread:291 - batch acquisition of 0 triggers
2017-11-06 00:25:12 DEBUG QuartzSchedulerThread:291 - batch acquisition of 0 triggers
2017-11-06 00:25:17 DEBUG QuartzSchedulerThread:291 - batch acquisition of 0 triggers
2017-11-06 00:25:18 DEBUG QuartzSchedulerThread:291 - batch acquisition of 0 triggers
2017-11-06 00:25:25 DEBUG QuartzSchedulerThread:291 - batch acquisition of 0 triggers
2017-11-06 00:25:28 DEBUG QuartzSchedulerThread:291 - batch acquisition of 0 triggers
2017-11-06 00:25:32 DEBUG QuartzSchedulerThread:291 - batch acquisition of 0 triggers
2017-11-06 00:25:41 DEBUG QuartzSchedulerThread:291 - batch acquisition of 0 triggers
2017-11-06 00:25:44 DEBUG QuartzSchedulerThread:291 - batch acquisition of 0 triggers
2017-11-06 00:25:46 DEBUG QuartzSchedulerThread:291 - batch acquisition of 0 triggers
2017-11-06 00:25:54 DEBUG QuartzSchedulerThread:291 - batch acquisition of 0 triggers
2017-11-06 00:25:55 DEBUG QuartzSchedulerThread:291 - batch acquisition of 0 triggers
2017-11-06 00:26:00 DEBUG QuartzSchedulerThread:291 - batch acquisition of 0 triggers
2017-11-06 00:26:07 DEBUG QuartzSchedulerThread:291 - batch acquisition of 0 triggers
2017-11-06 00:26:10 DEBUG QuartzSchedulerThread:291 - batch acquisition of 0 triggers
2017-11-06 00:26:13 DEBUG QuartzSchedulerThread:291 - batch acquisition of 0 triggers
2017-11-06 00:26:19 DEBUG QuartzSchedulerThread:291 - batch acquisition of 0 triggers
2017-11-06 00:26:23 DEBUG QuartzSchedulerThread:291 - batch acquisition of 0 triggers
2017-11-06 00:26:27 DEBUG QuartzSchedulerThread:291 - batch acquisition of 0 triggers
2017-11-06 00:26:36 DEBUG QuartzSchedulerThread:291 - batch acquisition of 0 triggers
2017-11-06 00:26:39 DEBUG QuartzSchedulerThread:291 - batch acquisition of 0 triggers
2017-11-06 00:26:42 DEBUG QuartzSchedulerThread:291 - batch acquisition of 0 triggers
2017-11-06 00:26:48 DEBUG QuartzSchedulerThread:291 - batch acquisition of 0 triggers
2017-11-06 00:26:52 DEBUG QuartzSchedulerThread:291 - batch acquisition of 0 triggers
2017-11-06 00:26:52 DEBUG QuartzSchedulerThread:291 - batch acquisition of 0 triggers
2017-11-06 00:27:00 DEBUG QuartzSchedulerThread:291 - batch acquisition of 0 triggers
2017-11-06 00:27:05 DEBUG QuartzSchedulerThread:291 - batch acquisition of 0 triggers
2017-11-06 00:27:09 DEBUG QuartzSchedulerThread:291 - batch acquisition of 0 triggers
2017-11-06 00:27:12 DEBUG QuartzSchedulerThread:291 - batch acquisition of 0 triggers
2017-11-06 00:27:18 DEBUG QuartzSchedulerThread:291 - batch acquisition of 0 triggers
2017-11-06 00:27:21 DEBUG QuartzSchedulerThread:291 - batch acquisition of 0 triggers
2017-11-06 00:27:28 DEBUG QuartzSchedulerThread:291 - batch acquisition of 0 triggers
2017-11-06 00:27:31 DEBUG QuartzSchedulerThread:291 - batch acquisition of 0 triggers
2017-11-06 00:27:32 DEBUG QuartzSchedulerThread:291 - batch acquisition of 0 triggers
2017-11-06 00:27:41 DEBUG QuartzSchedulerThread:291 - batch acquisition of 0 triggers
2017-11-06 00:27:45 DEBUG QuartzSchedulerThread:291 - batch acquisition of 0 triggers
2017-11-06 00:27:46 DEBUG QuartzSchedulerThread:291 - batch acquisition of 0 triggers
2017-11-06 00:27:53 DEBUG QuartzSchedulerThread:291 - batch acquisition of 0 triggers
2017-11-06 00:27:55 DEBUG QuartzSchedulerThread:291 - batch acquisition of 0 triggers
2017-11-06 00:27:56 DEBUG QuartzSchedulerThread:291 - batch acquisition of 0 triggers
2017-11-06 00:28:08 DEBUG QuartzSchedulerThread:291 - batch acquisition of 0 triggers
2017-11-06 00:28:10 DEBUG QuartzSchedulerThread:291 - batch acquisition of 0 triggers
2017-11-06 00:28:13 DEBUG QuartzSchedulerThread:291 - batch acquisition of 0 triggers
2017-11-06 00:28:19 DEBUG QuartzSchedulerThread:291 - batch acquisition of 0 triggers
2017-11-06 00:28:22 DEBUG QuartzSchedulerThread:291 - batch acquisition of 0 triggers
2017-11-06 00:28:22 DEBUG QuartzSchedulerThread:291 - batch acquisition of 0 triggers
2017-11-06 00:28:33 DEBUG QuartzSchedulerThread:291 - batch acquisition of 0 triggers
2017-11-06 00:28:34 DEBUG QuartzSchedulerThread:291 - batch acquisition of 0 triggers
2017-11-06 00:28:36 DEBUG QuartzSchedulerThread:291 - batch acquisition of 0 triggers
2017-11-06 00:28:45 DEBUG QuartzSchedulerThread:291 - batch acquisition of 0 triggers
2017-11-06 00:28:46 DEBUG QuartzSchedulerThread:291 - batch acquisition of 0 triggers
2017-11-06 00:28:50 DEBUG QuartzSchedulerThread:291 - batch acquisition of 0 triggers
2017-11-06 00:28:59 DEBUG QuartzSchedulerThread:291 - batch acquisition of 0 triggers
2017-11-06 00:29:02 DEBUG QuartzSchedulerThread:291 - batch acquisition of 0 triggers
2017-11-06 00:29:05 DEBUG QuartzSchedulerThread:291 - batch acquisition of 0 triggers
2017-11-06 00:29:11 DEBUG QuartzSchedulerThread:291 - batch acquisition of 0 triggers
2017-11-06 00:29:14 DEBUG QuartzSchedulerThread:291 - batch acquisition of 0 triggers
2017-11-06 00:29:15 DEBUG QuartzSchedulerThread:291 - batch acquisition of 0 triggers
2017-11-06 00:29:29 DEBUG QuartzSchedulerThread:291 - batch acquisition of 0 triggers
2017-11-06 00:29:29 DEBUG QuartzSchedulerThread:291 - batch acquisition of 0 triggers
2017-11-06 00:29:31 DEBUG QuartzSchedulerThread:291 - batch acquisition of 0 triggers
2017-11-06 00:29:35 DEBUG QuartzSchedulerThread:291 - batch acquisition of 0 triggers
2017-11-06 00:29:41 DEBUG QuartzSchedulerThread:291 - batch acquisition of 0 triggers
2017-11-06 00:29:41 DEBUG QuartzSchedulerThread:291 - batch acquisition of 0 triggers
2017-11-06 00:29:53 DEBUG QuartzSchedulerThread:291 - batch acquisition of 0 triggers
2017-11-06 00:29:57 DEBUG QuartzSchedulerThread:291 - batch acquisition of 0 triggers
2017-11-06 00:29:59 DEBUG QuartzSchedulerThread:291 - batch acquisition of 0 triggers
2017-11-06 00:30:03 DEBUG QuartzSchedulerThread:291 - batch acquisition of 0 triggers
2017-11-06 00:30:04 DEBUG QuartzSchedulerThread:291 - batch acquisition of 0 triggers
2017-11-06 00:30:04 DEBUG QuartzSchedulerThread:291 - batch acquisition of 0 triggers
2017-11-06 00:30:21 DEBUG QuartzSchedulerThread:291 - batch acquisition of 0 triggers
2017-11-06 00:30:24 DEBUG QuartzSchedulerThread:291 - batch acquisition of 0 triggers
2017-11-06 00:30:25 DEBUG QuartzSchedulerThread:291 - batch acquisition of 0 triggers
2017-11-06 00:30:27 DEBUG QuartzSchedulerThread:291 - batch acquisition of 0 triggers
2017-11-06 00:30:31 DEBUG QuartzSchedulerThread:291 - batch acquisition of 0 triggers
2017-11-06 00:30:32 DEBUG QuartzSchedulerThread:291 - batch acquisition of 0 triggers
2017-11-06 00:30:49 DEBUG QuartzSchedulerThread:291 - batch acquisition of 0 triggers
2017-11-06 00:30:49 DEBUG QuartzSchedulerThread:291 - batch acquisition of 0 triggers
2017-11-06 00:30:51 DEBUG QuartzSchedulerThread:291 - batch acquisition of 0 triggers
2017-11-06 00:30:53 DEBUG QuartzSchedulerThread:291 - batch acquisition of 0 triggers
2017-11-06 00:30:59 DEBUG QuartzSchedulerThread:291 - batch acquisition of 0 triggers
2017-11-06 00:31:00 DEBUG QuartzSchedulerThread:291 - batch acquisition of 0 triggers
2017-11-06 00:31:13 DEBUG QuartzSchedulerThread:291 - batch acquisition of 0 triggers
2017-11-06 00:31:13 DEBUG QuartzSchedulerThread:291 - batch acquisition of 0 triggers
2017-11-06 00:31:17 DEBUG QuartzSchedulerThread:291 - batch acquisition of 0 triggers
2017-11-06 00:31:17 DEBUG QuartzSchedulerThread:291 - batch acquisition of 0 triggers
2017-11-06 00:31:26 DEBUG QuartzSchedulerThread:291 - batch acquisition of 0 triggers
2017-11-06 00:31:27 DEBUG QuartzSchedulerThread:291 - batch acquisition of 0 triggers
2017-11-06 00:31:40 DEBUG QuartzSchedulerThread:291 - batch acquisition of 0 triggers
2017-11-06 00:31:40 DEBUG QuartzSchedulerThread:291 - batch acquisition of 0 triggers
2017-11-06 00:31:41 DEBUG QuartzSchedulerThread:291 - batch acquisition of 0 triggers
2017-11-06 00:31:41 DEBUG QuartzSchedulerThread:291 - batch acquisition of 0 triggers
2017-11-06 00:31:55 DEBUG QuartzSchedulerThread:291 - batch acquisition of 0 triggers
2017-11-06 00:31:56 DEBUG QuartzSchedulerThread:291 - batch acquisition of 0 triggers
2017-11-06 00:32:06 DEBUG QuartzSchedulerThread:291 - batch acquisition of 0 triggers
2017-11-06 00:32:08 DEBUG QuartzSchedulerThread:291 - batch acquisition of 0 triggers
2017-11-06 00:32:08 DEBUG QuartzSchedulerThread:291 - batch acquisition of 0 triggers
2017-11-06 00:32:09 DEBUG QuartzSchedulerThread:291 - batch acquisition of 0 triggers
2017-11-06 00:32:20 DEBUG QuartzSchedulerThread:291 - batch acquisition of 0 triggers
2017-11-06 00:32:21 DEBUG QuartzSchedulerThread:291 - batch acquisition of 0 triggers
